2022-05-28 07:04:16,090 - INFO - views - views.py - use HomePageView
2022-05-28 07:04:16,090 - INFO - views - views.py - use RegisterUserView
2022-05-28 07:04:16,090 - INFO - views - views.py - use LoginUserView
2022-05-28 07:04:16,090 - INFO - views - views.py - use LogoutUserView
2022-05-28 07:04:16,092 - INFO - views - views.py - use ProductListView
2022-05-28 07:04:16,093 - INFO - views - views.py - use CategoryListView
2022-05-28 07:04:16,093 - INFO - views - views.py - use CategoryDetailView
2022-05-28 07:04:16,093 - INFO - views - views.py - use DetailUserView
2022-05-28 07:04:16,093 - INFO - views - views.py - use OrderCreationView
2022-05-28 07:04:16,093 - INFO - views - views.py - use CreateNewProduct
2022-05-28 07:04:16,093 - INFO - views - views.py - use UpdtaeProduct
2022-05-28 07:04:16,093 - INFO - views - views.py - use DeleteProduct
2022-05-28 07:04:16,093 - INFO - views - views.py - use CreateNewCategory
2022-05-28 07:04:16,093 - INFO - views - views.py - use UpdateCategory
2022-05-28 07:04:16,093 - INFO - views - views.py - use DeleteProduct
2022-05-28 07:04:16,094 - INFO - views - views.py - use OrderListView
2022-05-28 07:04:16,094 - INFO - views - views.py - use CartView
2022-05-28 07:04:16,094 - INFO - views - views.py - use DeleteOrderView
2022-05-28 07:04:16,094 - INFO - views - views.py - use DeleteOrderFromHistoryView
2022-05-28 07:04:16,094 - INFO - views - views.py - use ClearCartView
2022-05-28 07:04:16,094 - INFO - views - views.py - use CheckoutView
2022-05-28 07:06:29,468 - INFO - views - views.py - use HomePageView
2022-05-28 07:06:29,469 - INFO - views - views.py - use RegisterUserView
2022-05-28 07:06:29,469 - INFO - views - views.py - use LoginUserView
2022-05-28 07:06:29,469 - INFO - views - views.py - use LogoutUserView
2022-05-28 07:06:29,471 - INFO - views - views.py - use ProductListView
2022-05-28 07:06:29,471 - INFO - views - views.py - use CategoryListView
2022-05-28 07:06:29,471 - INFO - views - views.py - use CategoryDetailView
2022-05-28 07:06:29,471 - INFO - views - views.py - use DetailUserView
2022-05-28 07:06:29,471 - INFO - views - views.py - use OrderCreationView
2022-05-28 07:06:29,471 - INFO - views - views.py - use CreateNewProduct
2022-05-28 07:06:29,471 - INFO - views - views.py - use UpdtaeProduct
2022-05-28 07:06:29,472 - INFO - views - views.py - use DeleteProduct
2022-05-28 07:06:29,472 - INFO - views - views.py - use CreateNewCategory
2022-05-28 07:06:29,472 - INFO - views - views.py - use UpdateCategory
2022-05-28 07:06:29,472 - INFO - views - views.py - use DeleteProduct
2022-05-28 07:06:29,473 - INFO - views - views.py - use OrderListView
2022-05-28 07:06:29,473 - INFO - views - views.py - use CartView
2022-05-28 07:06:29,473 - INFO - views - views.py - use DeleteOrderView
2022-05-28 07:06:29,473 - INFO - views - views.py - use DeleteOrderFromHistoryView
2022-05-28 07:06:29,473 - INFO - views - views.py - use ClearCartView
2022-05-28 07:06:29,473 - INFO - views - views.py - use CheckoutView
